2022-03-22 10:18:29 [INFO ] main SpringApplication.java:655 com.eternal.zjp.ssm.ServiceSmsApplication The following profiles are active: dev
2022-03-22 10:19:11 [INFO ] main StartupInfoLogger.java:61 com.eternal.zjp.ssm.ServiceSmsApplication Started ServiceSmsApplication in 49.781 seconds (JVM running for 56.086)
2022-03-22 10:22:48 [INFO ] http-nio-8120-exec-1 ApiSmsController.java:57 com.eternal.zjp.ssm.api.ApiSmsController result = false
2022-03-22 10:22:49 [INFO ] http-nio-8120-exec-1 Assert.java:76 com.eternal.common.exception.Assert not equals...............
2022-03-22 10:24:20 [INFO ] http-nio-8120-exec-3 ApiSmsController.java:57 com.eternal.zjp.ssm.api.ApiSmsController result = false
2022-03-22 10:24:20 [INFO ] http-nio-8120-exec-3 Assert.java:76 com.eternal.common.exception.Assert not equals...............
2022-03-22 10:29:30 [INFO ] http-nio-8120-exec-5 ApiSmsController.java:57 com.eternal.zjp.ssm.api.ApiSmsController result = false
2022-03-22 10:29:30 [INFO ] http-nio-8120-exec-5 Assert.java:76 com.eternal.common.exception.Assert not equals...............
2022-03-22 13:36:12 [INFO ] main SpringApplication.java:655 com.eternal.zjp.ssm.ServiceSmsApplication The following profiles are active: dev
2022-03-22 13:36:45 [INFO ] main StartupInfoLogger.java:61 com.eternal.zjp.ssm.ServiceSmsApplication Started ServiceSmsApplication in 41.728 seconds (JVM running for 44.996)
2022-03-22 13:42:55 [INFO ] http-nio-8120-exec-2 ApiSmsController.java:57 com.eternal.zjp.ssm.api.ApiSmsController result = false
2022-03-22 13:42:56 [INFO ] http-nio-8120-exec-2 Assert.java:76 com.eternal.common.exception.Assert not equals...............
2022-03-22 15:26:58 [INFO ] http-nio-8120-exec-4 ApiSmsController.java:57 com.eternal.zjp.ssm.api.ApiSmsController result = true
2022-03-22 15:26:58 [INFO ] http-nio-8120-exec-4 Assert.java:48 com.eternal.common.exception.Assert fail...............
2022-03-22 15:26:58 [ERROR] http-nio-8120-exec-4 UnifiedExceptionHandler.java:57 com.eternal.common.exception.UnifiedExceptionHandler 手机号已被注册
com.eternal.common.exception.BusinessException: 手机号已被注册
	at com.eternal.common.exception.Assert.isTrue(Assert.java:49)
	at com.eternal.zjp.ssm.api.ApiSmsController.send(ApiSmsController.java:58)
	at sun.reflect.NativeMethodAccessorImpl.invoke0(Native Method)
	at sun.reflect.NativeMethodAccessorImpl.invoke(NativeMethodAccessorImpl.java:62)
	at sun.reflect.DelegatingMethodAccessorImpl.invoke(DelegatingMethodAccessorImpl.java:43)
	at java.lang.reflect.Method.invoke(Method.java:498)
	at org.springframework.web.method.support.InvocableHandlerMethod.doInvoke(InvocableHandlerMethod.java:190)
	at org.springframework.web.method.support.InvocableHandlerMethod.invokeForRequest(InvocableHandlerMethod.java:138)
	at org.springframework.web.servlet.mvc.method.annotation.ServletInvocableHandlerMethod.invokeAndHandle(ServletInvocableHandlerMethod.java:105)
	at org.springframework.web.servlet.mvc.method.annotation.RequestMappingHandlerAdapter.invokeHandlerMethod(RequestMappingHandlerAdapter.java:878)
	at org.springframework.web.servlet.mvc.method.annotation.RequestMappingHandlerAdapter.handleInternal(RequestMappingHandlerAdapter.java:792)
	at org.springframework.web.servlet.mvc.method.AbstractHandlerMethodAdapter.handle(AbstractHandlerMethodAdapter.java:87)
	at org.springframework.web.servlet.DispatcherServlet.doDispatch(DispatcherServlet.java:1040)
	at org.springframework.web.servlet.DispatcherServlet.doService(DispatcherServlet.java:943)
	at org.springframework.web.servlet.FrameworkServlet.processRequest(FrameworkServlet.java:1006)
	at org.springframework.web.servlet.FrameworkServlet.doGet(FrameworkServlet.java:898)
	at javax.servlet.http.HttpServlet.service(HttpServlet.java:626)
	at org.springframework.web.servlet.FrameworkServlet.service(FrameworkServlet.java:883)
	at javax.servlet.http.HttpServlet.service(HttpServlet.java:733)
	at org.apache.catalina.core.ApplicationFilterChain.internalDoFilter(ApplicationFilterChain.java:231)
	at org.apache.catalina.core.ApplicationFilterChain.doFilter(ApplicationFilterChain.java:166)
	at org.apache.tomcat.websocket.server.WsFilter.doFilter(WsFilter.java:53)
	at org.apache.catalina.core.ApplicationFilterChain.internalDoFilter(ApplicationFilterChain.java:193)
	at org.apache.catalina.core.ApplicationFilterChain.doFilter(ApplicationFilterChain.java:166)
	at org.springframework.web.filter.RequestContextFilter.doFilterInternal(RequestContextFilter.java:100)
	at org.springframework.web.filter.OncePerRequestFilter.doFilter(OncePerRequestFilter.java:119)
	at org.apache.catalina.core.ApplicationFilterChain.internalDoFilter(ApplicationFilterChain.java:193)
	at org.apache.catalina.core.ApplicationFilterChain.doFilter(ApplicationFilterChain.java:166)
	at org.springframework.web.filter.FormContentFilter.doFilterInternal(FormContentFilter.java:93)
	at org.springframework.web.filter.OncePerRequestFilter.doFilter(OncePerRequestFilter.java:119)
	at org.apache.catalina.core.ApplicationFilterChain.internalDoFilter(ApplicationFilterChain.java:193)
	at org.apache.catalina.core.ApplicationFilterChain.doFilter(ApplicationFilterChain.java:166)
	at org.springframework.web.filter.CharacterEncodingFilter.doFilterInternal(CharacterEncodingFilter.java:201)
	at org.springframework.web.filter.OncePerRequestFilter.doFilter(OncePerRequestFilter.java:119)
	at org.apache.catalina.core.ApplicationFilterChain.internalDoFilter(ApplicationFilterChain.java:193)
	at org.apache.catalina.core.ApplicationFilterChain.doFilter(ApplicationFilterChain.java:166)
	at org.apache.catalina.core.StandardWrapperValve.invoke(StandardWrapperValve.java:202)
	at org.apache.catalina.core.StandardContextValve.invoke(StandardContextValve.java:97)
	at org.apache.catalina.authenticator.AuthenticatorBase.invoke(AuthenticatorBase.java:541)
	at org.apache.catalina.core.StandardHostValve.invoke(StandardHostValve.java:143)
	at org.apache.catalina.valves.ErrorReportValve.invoke(ErrorReportValve.java:92)
	at org.apache.catalina.core.StandardEngineValve.invoke(StandardEngineValve.java:78)
	at org.apache.catalina.connector.CoyoteAdapter.service(CoyoteAdapter.java:343)
	at org.apache.coyote.http11.Http11Processor.service(Http11Processor.java:374)
	at org.apache.coyote.AbstractProcessorLight.process(AbstractProcessorLight.java:65)
	at org.apache.coyote.AbstractProtocol$ConnectionHandler.process(AbstractProtocol.java:868)
	at org.apache.tomcat.util.net.NioEndpoint$SocketProcessor.doRun(NioEndpoint.java:1590)
	at org.apache.tomcat.util.net.SocketProcessorBase.run(SocketProcessorBase.java:49)
	at java.util.concurrent.ThreadPoolExecutor.runWorker(ThreadPoolExecutor.java:1149)
	at java.util.concurrent.ThreadPoolExecutor$Worker.run(ThreadPoolExecutor.java:624)
	at org.apache.tomcat.util.threads.TaskThread$WrappingRunnable.run(TaskThread.java:61)
	at java.lang.Thread.run(Thread.java:823)
2022-03-22 15:27:15 [INFO ] http-nio-8120-exec-5 ApiSmsController.java:57 com.eternal.zjp.ssm.api.ApiSmsController result = false
2022-03-22 15:27:15 [INFO ] http-nio-8120-exec-5 Assert.java:76 com.eternal.common.exception.Assert not equals...............
2022-03-22 15:47:58 [INFO ] http-nio-8120-exec-7 ApiSmsController.java:57 com.eternal.zjp.ssm.api.ApiSmsController result = false
2022-03-22 15:47:59 [INFO ] http-nio-8120-exec-7 Assert.java:76 com.eternal.common.exception.Assert not equals...............
2022-03-23 13:30:40 [INFO ] main SpringApplication.java:655 com.eternal.zjp.ssm.ServiceSmsApplication The following profiles are active: dev
2022-03-23 13:31:02 [INFO ] main StartupInfoLogger.java:61 com.eternal.zjp.ssm.ServiceSmsApplication Started ServiceSmsApplication in 28.423 seconds (JVM running for 30.981)
2022-03-25 08:40:51 [INFO ] main SpringApplication.java:655 com.eternal.zjp.ssm.ServiceSmsApplication The following profiles are active: dev
2022-03-25 08:41:24 [INFO ] main StartupInfoLogger.java:61 com.eternal.zjp.ssm.ServiceSmsApplication Started ServiceSmsApplication in 41.038 seconds (JVM running for 43.757)
2022-03-25 14:44:19 [INFO ] main SpringApplication.java:655 com.eternal.zjp.ssm.ServiceSmsApplication The following profiles are active: dev
2022-03-25 14:44:40 [INFO ] main StartupInfoLogger.java:61 com.eternal.zjp.ssm.ServiceSmsApplication Started ServiceSmsApplication in 26.684 seconds (JVM running for 32.185)
